<?xml version="1.0" encoding="UTF-8"?>
<!-- Generated by org.testng.reporters.JUnitReportReporter -->
<testsuite skipped="0" hostname="mamka-pc" name="cz.dvorak.mendelu.system.ait.webtestselenium.Mendelu.IsMendelu" tests="1" failures="0" timestamp="31 XII 2017 17:53:28 GMT" time="31.596" errors="0">
  <testcase name="nactiUvodniStranku" time="31.596" classname="cz.dvorak.mendelu.system.ait.webtestselenium.Mendelu.IsMendelu"/>
</testsuite> <!-- cz.dvorak.mendelu.system.ait.webtestselenium.Mendelu.IsMendelu -->
