<?xml version="1.0" encoding="UTF-8"?>
<!-- Generated by org.testng.reporters.JUnitReportReporter -->
<testsuite skipped="0" hostname="mamka-pc" name="cz.dvorak.mendelu.system.ait.webtestselenium.Mendelu.IsMendelu" tests="1" failures="0" timestamp="08 I 2018 21:56:23 GMT" time="35.347" errors="0">
  <testcase name="nactiUvodniStranku" time="35.347" classname="cz.dvorak.mendelu.system.ait.webtestselenium.Mendelu.IsMendelu"/>
</testsuite> <!-- cz.dvorak.mendelu.system.ait.webtestselenium.Mendelu.IsMendelu -->
